2023-07-26 14:22:54-log: [Package] menu@1.0.0 enable
2023-07-26 14:22:54-log: [Package] profile@1.0.0 enable
2023-07-26 14:22:54-log: [Package] project@1.0.1 enable
2023-07-26 14:22:54-log: [Package] messages@1.0.0 enable
2023-07-26 14:22:54-log: [Package] program@1.0.0 enable
2023-07-26 14:22:54-log: [Package] device@1.0.1 enable
2023-07-26 14:22:54-log: [Package] ui-kit@1.0.1 enable
2023-07-26 14:22:54-log: [Package] tester@1.0.0 enable
2023-07-26 14:22:54-log: [Package] preferences@1.0.0 enable
2023-07-26 14:22:54-log: Setup mods mgr.: 159.905ms
2023-07-26 14:22:54-log: Profile changed: engine (modules.includeModules: 2d,3d,audio,base,dragon-bones,gfx-webgl,gfx-webgl2,intersection-2d,marionette,particle,particle-2d,physics-2d-box2d,physics-ammo,primitive,profiler,spine,terrain,tiled-map,tween,ui,video,webview)
2023-07-26 14:22:54-log: [Package] engine@1.0.5 enable
2023-07-26 14:22:56-log: [Package] programming@1.0.0 enable
2023-07-26 14:22:56-log: [Package] engine-extends@1.0.0 enable
2023-07-26 14:22:56-log: [Package] asset-db@1.0.0 enable
2023-07-26 14:22:56-log: [Package] console@1.0.0 enable
2023-07-26 14:22:56-log: [Package] scene@1.0.0 enable
2023-07-26 14:22:56-log: [Package] about@1.0.0 enable
2023-07-26 14:22:56-log: [Package] server@1.0.0 enable
2023-07-26 14:22:56-log: [Package] utils@1.0.0 enable
2023-07-26 14:22:56-log: [Package] assets@1.0.0 enable
2023-07-26 14:22:56-log: [Package] inspector@1.0.0 enable
2023-07-26 14:22:56-log: [Package] hierarchy@1.0.0 enable
2023-07-26 14:22:57-log: [Package] preview@1.0.1 enable
2023-07-26 14:22:57-log: [Package] animator@1.0.0 enable
2023-07-26 14:22:58-log: [Package] builder@1.3.1 enable
2023-07-26 14:22:58-log: [Package] node-library@1.0.0 enable
2023-07-26 14:22:58-log: [Package] shortcuts@1.0.1 enable
2023-07-26 14:22:58-log: [Package] package-asset@1.0.0 enable
2023-07-26 14:22:58-log: [Package] reference-image@1.0.0 enable
2023-07-26 14:22:58-log: [Package] animation-graph@1.0.0 enable
2023-07-26 14:22:58-log: [Package] channel-upload-tools@1.0.0 enable
2023-07-26 14:22:58-log: [Package] runtime-dev-tools@1.0.0 enable
2023-07-26 14:22:58-log: [Package] lightmap@1.0.4 enable
2023-07-26 14:22:58-log: [Package] alipay-mini-game@1.0.0 enable
2023-07-26 14:22:58-log: [Package] android@1.0.0 enable
2023-07-26 14:22:58-log: [Package] baidu-mini-game@1.0.0 enable
2023-07-26 14:22:58-log: [Package] bytedance-mini-game@1.0.1 enable
2023-07-26 14:22:58-log: [Package] huawei-agc@1.0.0 enable
2023-07-26 14:22:58-log: [Package] ios@1.0.0 enable
2023-07-26 14:22:58-log: [Package] ios-app-clip@1.0.0 enable
2023-07-26 14:22:58-log: [Package] mac@1.0.0 enable
2023-07-26 14:22:58-log: [Package] native@1.0.0 enable
2023-07-26 14:22:58-log: [Package] ohos@1.0.0 enable
2023-07-26 14:22:58-log: [Package] web-desktop@1.0.0 enable
2023-07-26 14:22:58-log: [Package] web-mobile@1.0.0 enable
2023-07-26 14:22:58-log: [Package] wechatgame@1.0.1 enable
2023-07-26 14:22:58-log: [Package] windows@1.0.0 enable
2023-07-26 14:22:58-log: [Package] xiaomi-quick-game@1.0.0 enable
2023-07-26 14:22:58-log: [Package] cocos-play@1.0.0 enable
2023-07-26 14:22:59-log: [Package] huawei-quick-game@1.0.0 enable
2023-07-26 14:22:59-log: [Package] link-sure@1.0.0 enable
2023-07-26 14:22:59-log: [Package] oppo-mini-game@1.0.0 enable
2023-07-26 14:22:59-log: [Package] qtt@1.0.0 enable
2023-07-26 14:22:59-log: [Package] vivo-mini-game@1.0.0 enable
2023-07-26 14:22:59-log: [Package] cocos-service@3.0.2 enable
2023-07-26 14:22:59-log: [Package] importer@1.0.0 enable
2023-07-26 14:22:59-log: [Package] extension@3.0.15 enable
2023-07-26 14:22:59-log: [Im-plugin] Check im-plugin version.
2023-07-26 14:22:59-log: [Package] im-plugin@3.0.8 enable
2023-07-26 14:23:00-log: [Im-plugin] No online info of im-plugin.
2023-07-26 14:23:06-warn: Browserslist: caniuse-lite is outdated. Please run:
npx browserslist@latest --update-db

Why you should do it regularly:
https://github.com/browserslist/browserslist#browsers-data-updating
2023-07-26 14:23:06-log: [Scene] Cocos Creator v3.4.2
2023-07-26 14:23:06-info: [Scene] Forward render pipeline initialized.
