2023-07-26 14:38:18-log: [Package] menu@1.0.0 enable
2023-07-26 14:38:18-log: [Package] profile@1.0.0 enable
2023-07-26 14:38:18-log: [Package] program@1.0.0 enable
2023-07-26 14:38:18-log: [Package] device@1.0.1 enable
2023-07-26 14:38:18-log: [Package] ui-kit@1.0.0 enable
2023-07-26 14:38:18-log: [Package] preferences@1.0.0 enable
2023-07-26 14:38:18-log: [Package] messages@1.0.0 enable
2023-07-26 14:38:19-log: Setup mods mgr.: 187.351ms
2023-07-26 14:38:19-log: [Package] engine@1.0.5 enable
2023-07-26 14:38:21-log: [Package] programming@1.0.0 enable
2023-07-26 14:38:21-log: [Package] asset-db@1.0.0 enable
2023-07-26 14:38:22-log: [Package] console@1.0.0 enable
2023-07-26 14:38:22-log: [Package] scene@1.0.0 enable
2023-07-26 14:38:22-log: [Package] project@1.0.1 enable
2023-07-26 14:38:22-log: [Package] about@1.0.0 enable
2023-07-26 14:38:22-log: [Package] server@1.0.0 enable
2023-07-26 14:38:22-log: [Package] utils@1.0.0 enable
2023-07-26 14:38:22-log: [Package] assets@1.0.0 enable
2023-07-26 14:38:22-log: [Package] inspector@1.0.0 enable
2023-07-26 14:38:22-log: [Package] hierarchy@1.0.0 enable
2023-07-26 14:38:23-log: [Package] preview@1.0.0 enable
2023-07-26 14:38:24-log: [Package] builder@1.2.6 enable
2023-07-26 14:38:24-log: [Package] node-library@1.0.0 enable
2023-07-26 14:38:24-log: [Package] importer@1.0.0 enable
2023-07-26 14:38:24-log: [Package] package-asset@1.0.0 enable
2023-07-26 14:38:24-log: [Package] channel-upload-tools@1.0.0 enable
2023-07-26 14:38:24-log: [Package] runtime-dev-tools@1.0.0 enable
2023-07-26 14:38:24-log: [Package] alipay-mini-game@1.0.0 enable
2023-07-26 14:38:24-log: [Package] android@1.0.0 enable
2023-07-26 14:38:24-log: [Package] baidu-mini-game@1.0.0 enable
2023-07-26 14:38:24-log: [Package] bytedance-mini-game@1.0.0 enable
2023-07-26 14:38:24-log: [Package] huawei-agc@1.0.0 enable
2023-07-26 14:38:24-log: [Package] ios@1.0.0 enable
2023-07-26 14:38:24-log: [Package] ios-app-clip@1.0.0 enable
2023-07-26 14:38:24-log: [Package] mac@1.0.0 enable
2023-07-26 14:38:18-log: [Package] tester@1.0.0 enable
2023-07-26 14:38:24-log: [Package] native@1.0.0 enable
2023-07-26 14:38:24-log: [Package] web-desktop@1.0.0 enable
2023-07-26 14:38:24-log: [Package] web-mobile@1.0.0 enable
2023-07-26 14:38:25-log: [Package] wechatgame@1.0.0 enable
2023-07-26 14:38:25-log: [Package] windows@1.0.0 enable
2023-07-26 14:38:25-log: [Package] cocos-play@1.0.0 enable
2023-07-26 14:38:25-log: [Package] huawei-quick-game@1.0.0 enable
2023-07-26 14:38:25-log: [Package] qtt@1.0.0 enable
2023-07-26 14:38:25-log: [Package] oppo-mini-game@1.0.0 enable
2023-07-26 14:38:25-log: [Package] vivo-mini-game@1.0.0 enable
2023-07-26 14:38:25-log: [Package] cocos-service@3.0.0 enable
2023-07-26 14:38:25-log: [vscode-workflow]: The declaration of cc was successfully updated 
2023-07-26 14:38:25-log: [Package] extension@3.0.3 enable
2023-07-26 14:38:25-log: [Package] im-plugin@3.0.4 enable
2023-07-26 14:38:25-log: [Package] link-sure@1.0.0 enable
2023-07-26 14:38:25-log: [Package] xiaomi-quick-game@1.0.0 enable
2023-07-26 14:38:23-log: [Package] animator@1.0.0 enable
2023-07-26 14:38:24-log: [Package] lightmap@1.0.0 enable
2023-07-26 14:38:24-log: [Package] shortcuts@1.0.1 enable
