debug: Wed, 26 Jul 2023 06:38:21 GMT
debug: Project: /Users/mzwine/Codes/other/cocos-apps/watermelon
debug: Targets: editor,preview
debug: Packer deriver version file lost or format incorrect: Error: ENOENT: no such file or directory, open '/Users/mzwine/Codes/other/cocos-apps/watermelon/temp/programming/packer-driver/VERSION'
debug: Clearing out the targets...
debug: Engine path: /Applications/CocosCreator/Creator/3.0.0/CocosCreator.app/Contents/Resources/resources/3d/engine
debug: Initializing target [Editor]
debug: Loading cache
debug: Module record file loaded failed with error: Error: ENOENT: no such file or directory, open '/Users/mzwine/Codes/other/cocos-apps/watermelon/temp/programming/packer-driver/targets/editor/modules.json'
debug: Loading cache costs 1.527959018945694ms.
debug: Engine features shipped in editor: base,gfx-webgl,gfx-webgl2,3d,2d,ui,particle,particle-2d,physics-framework,physics-2d-framework,intersection-2d,primitive,profiler,audio,video,terrain,webview,tween,tiled-map,spine,dragon-bones
debug: Initializing target [Preview]
debug: Loading cache
debug: Module record file loaded failed with error: Error: ENOENT: no such file or directory, open '/Users/mzwine/Codes/other/cocos-apps/watermelon/temp/programming/packer-driver/targets/preview/modules.json'
debug: Loading cache costs 0.4440840184688568ms.
debug: Sync engine features: base,gfx-webgl,gfx-webgl2,3d,2d,ui,particle,physics-cannon,physics-2d-box2d,intersection-2d,primitive,profiler,particle-2d,audio,video,webview,tween,terrain,tiled-map,spine,dragon-bones
debug: Pulling asset-db.
debug: Fetch asset-db cost: 8.608334004878998ms.
debug: Build iteration starts.
Number of accumulated asset changes: 27
Feature changed: false
debug: Target(editor) build started.
debug: Inspect cce:/internal/x/cc
debug: Resolve cce:/internal/x/cc-fu/base from cce:/internal/x/cc as external dependency cce:/internal/x/cc-fu/base.
debug: Resolve cce:/internal/x/cc-fu/gfx-webgl from cce:/internal/x/cc as external dependency cce:/internal/x/cc-fu/gfx-webgl.
debug: Resolve cce:/internal/x/cc-fu/gfx-webgl2 from cce:/internal/x/cc as external dependency cce:/internal/x/cc-fu/gfx-webgl2.
debug: Resolve cce:/internal/x/cc-fu/3d from cce:/internal/x/cc as external dependency cce:/internal/x/cc-fu/3d.
debug: Resolve cce:/internal/x/cc-fu/2d from cce:/internal/x/cc as external dependency cce:/internal/x/cc-fu/2d.
debug: Resolve cce:/internal/x/cc-fu/ui from cce:/internal/x/cc as external dependency cce:/internal/x/cc-fu/ui.
debug: Resolve cce:/internal/x/cc-fu/particle from cce:/internal/x/cc as external dependency cce:/internal/x/cc-fu/particle.
debug: Resolve cce:/internal/x/cc-fu/particle-2d from cce:/internal/x/cc as external dependency cce:/internal/x/cc-fu/particle-2d.
debug: Resolve cce:/internal/x/cc-fu/physics-framework from cce:/internal/x/cc as external dependency cce:/internal/x/cc-fu/physics-framework.
debug: Resolve cce:/internal/x/cc-fu/physics-2d-framework from cce:/internal/x/cc as external dependency cce:/internal/x/cc-fu/physics-2d-framework.
debug: Resolve cce:/internal/x/cc-fu/intersection-2d from cce:/internal/x/cc as external dependency cce:/internal/x/cc-fu/intersection-2d.
debug: Resolve cce:/internal/x/cc-fu/primitive from cce:/internal/x/cc as external dependency cce:/internal/x/cc-fu/primitive.
debug: Resolve cce:/internal/x/cc-fu/profiler from cce:/internal/x/cc as external dependency cce:/internal/x/cc-fu/profiler.
debug: Resolve cce:/internal/x/cc-fu/audio from cce:/internal/x/cc as external dependency cce:/internal/x/cc-fu/audio.
debug: Resolve cce:/internal/x/cc-fu/video from cce:/internal/x/cc as external dependency cce:/internal/x/cc-fu/video.
debug: Resolve cce:/internal/x/cc-fu/terrain from cce:/internal/x/cc as external dependency cce:/internal/x/cc-fu/terrain.
debug: Resolve cce:/internal/x/cc-fu/webview from cce:/internal/x/cc as external dependency cce:/internal/x/cc-fu/webview.
debug: Resolve cce:/internal/x/cc-fu/tween from cce:/internal/x/cc as external dependency cce:/internal/x/cc-fu/tween.
debug: Resolve cce:/internal/x/cc-fu/tiled-map from cce:/internal/x/cc as external dependency cce:/internal/x/cc-fu/tiled-map.
debug: Resolve cce:/internal/x/cc-fu/spine from cce:/internal/x/cc as external dependency cce:/internal/x/cc-fu/spine.
debug: Resolve cce:/internal/x/cc-fu/dragon-bones from cce:/internal/x/cc as external dependency cce:/internal/x/cc-fu/dragon-bones.
debug: Inspect cce:/internal/x/prerequisite-imports
debug: Resolve file:///Users/mzwine/Codes/other/cocos-apps/watermelon/assets/Config/fruit_config.ts from cce:/internal/x/prerequisite-imports as file:///Users/mzwine/Codes/other/cocos-apps/watermelon/assets/Config/fruit_config.ts.
debug: Resolve file:///Users/mzwine/Codes/other/cocos-apps/watermelon/assets/GameScene/FruitCtrl.ts from cce:/internal/x/prerequisite-imports as file:///Users/mzwine/Codes/other/cocos-apps/watermelon/assets/GameScene/FruitCtrl.ts.
debug: Resolve file:///Users/mzwine/Codes/other/cocos-apps/watermelon/assets/GameScene/GameSceneCtrl.ts from cce:/internal/x/prerequisite-imports as file:///Users/mzwine/Codes/other/cocos-apps/watermelon/assets/GameScene/GameSceneCtrl.ts.
debug: Resolve file:///Users/mzwine/Codes/other/cocos-apps/watermelon/assets/GameScene/ui/BgNodeCtrl.ts from cce:/internal/x/prerequisite-imports as file:///Users/mzwine/Codes/other/cocos-apps/watermelon/assets/GameScene/ui/BgNodeCtrl.ts.
debug: Resolve file:///Users/mzwine/Codes/other/cocos-apps/watermelon/assets/GameScene/ui/CanvasCtrl.ts from cce:/internal/x/prerequisite-imports as file:///Users/mzwine/Codes/other/cocos-apps/watermelon/assets/GameScene/ui/CanvasCtrl.ts.
debug: Resolve file:///Users/mzwine/Codes/other/cocos-apps/watermelon/assets/GameScene/ui/RefreshFruitNodeCtrl.ts from cce:/internal/x/prerequisite-imports as file:///Users/mzwine/Codes/other/cocos-apps/watermelon/assets/GameScene/ui/RefreshFruitNodeCtrl.ts.
debug: Resolve file:///Users/mzwine/Codes/other/cocos-apps/watermelon/assets/GameScene/ui/gameOverLayer/GameOverLayerCtrl.ts from cce:/internal/x/prerequisite-imports as file:///Users/mzwine/Codes/other/cocos-apps/watermelon/assets/GameScene/ui/gameOverLayer/GameOverLayerCtrl.ts.
debug: Resolve file:///Users/mzwine/Codes/other/cocos-apps/watermelon/assets/GameScene/ui/touchNodeCtrl.ts from cce:/internal/x/prerequisite-imports as file:///Users/mzwine/Codes/other/cocos-apps/watermelon/assets/GameScene/ui/touchNodeCtrl.ts.
debug: Resolve file:///Users/mzwine/Codes/other/cocos-apps/watermelon/assets/GlobalScript/AudioCtrl.ts from cce:/internal/x/prerequisite-imports as file:///Users/mzwine/Codes/other/cocos-apps/watermelon/assets/GlobalScript/AudioCtrl.ts.
debug: Resolve file:///Users/mzwine/Codes/other/cocos-apps/watermelon/assets/GlobalScript/AudioHelper.ts from cce:/internal/x/prerequisite-imports as file:///Users/mzwine/Codes/other/cocos-apps/watermelon/assets/GlobalScript/AudioHelper.ts.
debug: Resolve file:///Users/mzwine/Codes/other/cocos-apps/watermelon/assets/GlobalScript/Base64.ts from cce:/internal/x/prerequisite-imports as file:///Users/mzwine/Codes/other/cocos-apps/watermelon/assets/GlobalScript/Base64.ts.
debug: Resolve file:///Users/mzwine/Codes/other/cocos-apps/watermelon/assets/GlobalScript/BaseUILayerCtrl.ts from cce:/internal/x/prerequisite-imports as file:///Users/mzwine/Codes/other/cocos-apps/watermelon/assets/GlobalScript/BaseUILayerCtrl.ts.
debug: Resolve file:///Users/mzwine/Codes/other/cocos-apps/watermelon/assets/GlobalScript/Billboard.ts from cce:/internal/x/prerequisite-imports as file:///Users/mzwine/Codes/other/cocos-apps/watermelon/assets/GlobalScript/Billboard.ts.
debug: Resolve file:///Users/mzwine/Codes/other/cocos-apps/watermelon/assets/GlobalScript/Config.ts from cce:/internal/x/prerequisite-imports as file:///Users/mzwine/Codes/other/cocos-apps/watermelon/assets/GlobalScript/Config.ts.
debug: Resolve file:///Users/mzwine/Codes/other/cocos-apps/watermelon/assets/GlobalScript/GlobalTemp.ts from cce:/internal/x/prerequisite-imports as file:///Users/mzwine/Codes/other/cocos-apps/watermelon/assets/GlobalScript/GlobalTemp.ts.
debug: Resolve file:///Users/mzwine/Codes/other/cocos-apps/watermelon/assets/GlobalScript/LabelTickCtrl.ts from cce:/internal/x/prerequisite-imports as file:///Users/mzwine/Codes/other/cocos-apps/watermelon/assets/GlobalScript/LabelTickCtrl.ts.
debug: Resolve file:///Users/mzwine/Codes/other/cocos-apps/watermelon/assets/GlobalScript/LanguageConfig.ts from cce:/internal/x/prerequisite-imports as file:///Users/mzwine/Codes/other/cocos-apps/watermelon/assets/GlobalScript/LanguageConfig.ts.
debug: Resolve file:///Users/mzwine/Codes/other/cocos-apps/watermelon/assets/GlobalScript/LanguageLabelTicksCtrl.ts from cce:/internal/x/prerequisite-imports as file:///Users/mzwine/Codes/other/cocos-apps/watermelon/assets/GlobalScript/LanguageLabelTicksCtrl.ts.
debug: Resolve file:///Users/mzwine/Codes/other/cocos-apps/watermelon/assets/GlobalScript/LanguageLabelsCtrl.ts from cce:/internal/x/prerequisite-imports as file:///Users/mzwine/Codes/other/cocos-apps/watermelon/assets/GlobalScript/LanguageLabelsCtrl.ts.
debug: Resolve file:///Users/mzwine/Codes/other/cocos-apps/watermelon/assets/GlobalScript/LanguageSpritesCtrl.ts from cce:/internal/x/prerequisite-imports as file:///Users/mzwine/Codes/other/cocos-apps/watermelon/assets/GlobalScript/LanguageSpritesCtrl.ts.
debug: Resolve file:///Users/mzwine/Codes/other/cocos-apps/watermelon/assets/GlobalScript/LayoutForTopToolAndBanner.ts from cce:/internal/x/prerequisite-imports as file:///Users/mzwine/Codes/other/cocos-apps/watermelon/assets/GlobalScript/LayoutForTopToolAndBanner.ts.
debug: Resolve file:///Users/mzwine/Codes/other/cocos-apps/watermelon/assets/GlobalScript/LocalData.ts from cce:/internal/x/prerequisite-imports as file:///Users/mzwine/Codes/other/cocos-apps/watermelon/assets/GlobalScript/LocalData.ts.
debug: Resolve file:///Users/mzwine/Codes/other/cocos-apps/watermelon/assets/GlobalScript/NotificationCenter.ts from cce:/internal/x/prerequisite-imports as file:///Users/mzwine/Codes/other/cocos-apps/watermelon/assets/GlobalScript/NotificationCenter.ts.
debug: Resolve file:///Users/mzwine/Codes/other/cocos-apps/watermelon/assets/GlobalScript/ProgressBarTickCtrl.ts from cce:/internal/x/prerequisite-imports as file:///Users/mzwine/Codes/other/cocos-apps/watermelon/assets/GlobalScript/ProgressBarTickCtrl.ts.
debug: Resolve file:///Users/mzwine/Codes/other/cocos-apps/watermelon/assets/GlobalScript/Utils.ts from cce:/internal/x/prerequisite-imports as file:///Users/mzwine/Codes/other/cocos-apps/watermelon/assets/GlobalScript/Utils.ts.
debug: Resolve file:///Users/mzwine/Codes/other/cocos-apps/watermelon/assets/migrate-canvas.ts from cce:/internal/x/prerequisite-imports as file:///Users/mzwine/Codes/other/cocos-apps/watermelon/assets/migrate-canvas.ts.
debug: Resolve file:///Users/mzwine/Codes/other/cocos-apps/watermelon/assets/res/GameOVerLauer2.ts from cce:/internal/x/prerequisite-imports as file:///Users/mzwine/Codes/other/cocos-apps/watermelon/assets/res/GameOVerLauer2.ts.
debug: Inspect file:///Users/mzwine/Codes/other/cocos-apps/watermelon/assets/Config/fruit_config.ts
debug: Inspect file:///Users/mzwine/Codes/other/cocos-apps/watermelon/assets/GameScene/FruitCtrl.ts
debug: Inspect file:///Users/mzwine/Codes/other/cocos-apps/watermelon/assets/GameScene/GameSceneCtrl.ts
debug: Inspect file:///Users/mzwine/Codes/other/cocos-apps/watermelon/assets/GameScene/ui/BgNodeCtrl.ts
debug: Inspect file:///Users/mzwine/Codes/other/cocos-apps/watermelon/assets/GameScene/ui/CanvasCtrl.ts
debug: Inspect file:///Users/mzwine/Codes/other/cocos-apps/watermelon/assets/GameScene/ui/RefreshFruitNodeCtrl.ts
debug: Inspect file:///Users/mzwine/Codes/other/cocos-apps/watermelon/assets/GameScene/ui/gameOverLayer/GameOverLayerCtrl.ts
debug: Inspect file:///Users/mzwine/Codes/other/cocos-apps/watermelon/assets/GameScene/ui/touchNodeCtrl.ts
debug: Inspect file:///Users/mzwine/Codes/other/cocos-apps/watermelon/assets/GlobalScript/AudioCtrl.ts
debug: Inspect file:///Users/mzwine/Codes/other/cocos-apps/watermelon/assets/GlobalScript/AudioHelper.ts
debug: Inspect file:///Users/mzwine/Codes/other/cocos-apps/watermelon/assets/GlobalScript/Base64.ts
debug: Inspect file:///Users/mzwine/Codes/other/cocos-apps/watermelon/assets/GlobalScript/BaseUILayerCtrl.ts
debug: Inspect file:///Users/mzwine/Codes/other/cocos-apps/watermelon/assets/GlobalScript/Billboard.ts
debug: Inspect file:///Users/mzwine/Codes/other/cocos-apps/watermelon/assets/GlobalScript/Config.ts
debug: Inspect file:///Users/mzwine/Codes/other/cocos-apps/watermelon/assets/GlobalScript/GlobalTemp.ts
debug: Inspect file:///Users/mzwine/Codes/other/cocos-apps/watermelon/assets/GlobalScript/LabelTickCtrl.ts
debug: Inspect file:///Users/mzwine/Codes/other/cocos-apps/watermelon/assets/GlobalScript/LanguageConfig.ts
debug: Inspect file:///Users/mzwine/Codes/other/cocos-apps/watermelon/assets/GlobalScript/LanguageLabelTicksCtrl.ts
debug: Inspect file:///Users/mzwine/Codes/other/cocos-apps/watermelon/assets/GlobalScript/LanguageLabelsCtrl.ts
debug: Inspect file:///Users/mzwine/Codes/other/cocos-apps/watermelon/assets/GlobalScript/LanguageSpritesCtrl.ts
debug: Inspect file:///Users/mzwine/Codes/other/cocos-apps/watermelon/assets/GlobalScript/LayoutForTopToolAndBanner.ts
debug: Inspect file:///Users/mzwine/Codes/other/cocos-apps/watermelon/assets/GlobalScript/LocalData.ts
debug: Inspect file:///Users/mzwine/Codes/other/cocos-apps/watermelon/assets/GlobalScript/NotificationCenter.ts
debug: Inspect file:///Users/mzwine/Codes/other/cocos-apps/watermelon/assets/GlobalScript/ProgressBarTickCtrl.ts
debug: Inspect file:///Users/mzwine/Codes/other/cocos-apps/watermelon/assets/GlobalScript/Utils.ts
debug: Inspect file:///Users/mzwine/Codes/other/cocos-apps/watermelon/assets/migrate-canvas.ts
debug: Inspect file:///Users/mzwine/Codes/other/cocos-apps/watermelon/assets/res/GameOVerLauer2.ts
debug: Resolve cce:/internal/code-quality/cr.mjs from file:///Users/mzwine/Codes/other/cocos-apps/watermelon/assets/GameScene/FruitCtrl.ts as cce:/internal/code-quality/cr.mjs.
debug: Resolve cc from file:///Users/mzwine/Codes/other/cocos-apps/watermelon/assets/GameScene/FruitCtrl.ts as cce:/internal/x/cc.
debug: Resolve cc from file:///Users/mzwine/Codes/other/cocos-apps/watermelon/assets/GameScene/FruitCtrl.ts as cce:/internal/x/cc.
debug: Inspect cce:/internal/code-quality/cr.mjs
debug: Resolve cc from file:///Users/mzwine/Codes/other/cocos-apps/watermelon/assets/Config/fruit_config.ts as cce:/internal/x/cc.
debug: Resolve cc from file:///Users/mzwine/Codes/other/cocos-apps/watermelon/assets/Config/fruit_config.ts as cce:/internal/x/cc.
debug: Resolve cc from file:///Users/mzwine/Codes/other/cocos-apps/watermelon/assets/GameScene/ui/BgNodeCtrl.ts as cce:/internal/x/cc.
debug: Resolve cc from file:///Users/mzwine/Codes/other/cocos-apps/watermelon/assets/GameScene/ui/BgNodeCtrl.ts as cce:/internal/x/cc.
debug: Resolve cce:/internal/code-quality/cr.mjs from file:///Users/mzwine/Codes/other/cocos-apps/watermelon/assets/GameScene/GameSceneCtrl.ts as cce:/internal/code-quality/cr.mjs.
debug: Resolve cc from file:///Users/mzwine/Codes/other/cocos-apps/watermelon/assets/GameScene/GameSceneCtrl.ts as cce:/internal/x/cc.
debug: Resolve cc from file:///Users/mzwine/Codes/other/cocos-apps/watermelon/assets/GameScene/GameSceneCtrl.ts as cce:/internal/x/cc.
debug: Resolve cce:/internal/code-quality/cr.mjs from file:///Users/mzwine/Codes/other/cocos-apps/watermelon/assets/GameScene/ui/touchNodeCtrl.ts as cce:/internal/code-quality/cr.mjs.
debug: Resolve cc from file:///Users/mzwine/Codes/other/cocos-apps/watermelon/assets/GameScene/ui/touchNodeCtrl.ts as cce:/internal/x/cc.
debug: Resolve cc from file:///Users/mzwine/Codes/other/cocos-apps/watermelon/assets/GameScene/ui/touchNodeCtrl.ts as cce:/internal/x/cc.
debug: Resolve cce:/internal/code-quality/cr.mjs from file:///Users/mzwine/Codes/other/cocos-apps/watermelon/assets/GameScene/ui/gameOverLayer/GameOverLayerCtrl.ts as cce:/internal/code-quality/cr.mjs.
debug: Resolve cc from file:///Users/mzwine/Codes/other/cocos-apps/watermelon/assets/GameScene/ui/gameOverLayer/GameOverLayerCtrl.ts as cce:/internal/x/cc.
debug: Resolve cc from file:///Users/mzwine/Codes/other/cocos-apps/watermelon/assets/GameScene/ui/gameOverLayer/GameOverLayerCtrl.ts as cce:/internal/x/cc.
debug: Resolve cce:/internal/code-quality/cr.mjs from file:///Users/mzwine/Codes/other/cocos-apps/watermelon/assets/GameScene/ui/RefreshFruitNodeCtrl.ts as cce:/internal/code-quality/cr.mjs.
debug: Resolve cc from file:///Users/mzwine/Codes/other/cocos-apps/watermelon/assets/GameScene/ui/RefreshFruitNodeCtrl.ts as cce:/internal/x/cc.
debug: Resolve cc from file:///Users/mzwine/Codes/other/cocos-apps/watermelon/assets/GameScene/ui/RefreshFruitNodeCtrl.ts as cce:/internal/x/cc.
debug: Resolve cce:/internal/code-quality/cr.mjs from file:///Users/mzwine/Codes/other/cocos-apps/watermelon/assets/GameScene/ui/CanvasCtrl.ts as cce:/internal/code-quality/cr.mjs.
debug: Resolve cc from file:///Users/mzwine/Codes/other/cocos-apps/watermelon/assets/GameScene/ui/CanvasCtrl.ts as cce:/internal/x/cc.
debug: Resolve cc from file:///Users/mzwine/Codes/other/cocos-apps/watermelon/assets/GameScene/ui/CanvasCtrl.ts as cce:/internal/x/cc.
debug: Resolve cc from file:///Users/mzwine/Codes/other/cocos-apps/watermelon/assets/GlobalScript/AudioCtrl.ts as cce:/internal/x/cc.
debug: Resolve cc from file:///Users/mzwine/Codes/other/cocos-apps/watermelon/assets/GlobalScript/AudioCtrl.ts as cce:/internal/x/cc.
debug: Resolve cce:/internal/code-quality/cr.mjs from file:///Users/mzwine/Codes/other/cocos-apps/watermelon/assets/GlobalScript/AudioHelper.ts as cce:/internal/code-quality/cr.mjs.
debug: Resolve cc from file:///Users/mzwine/Codes/other/cocos-apps/watermelon/assets/GlobalScript/AudioHelper.ts as cce:/internal/x/cc.
debug: Resolve cc from file:///Users/mzwine/Codes/other/cocos-apps/watermelon/assets/GlobalScript/AudioHelper.ts as cce:/internal/x/cc.
debug: Resolve cce:/internal/code-quality/cr.mjs from file:///Users/mzwine/Codes/other/cocos-apps/watermelon/assets/GlobalScript/BaseUILayerCtrl.ts as cce:/internal/code-quality/cr.mjs.
debug: Resolve cc from file:///Users/mzwine/Codes/other/cocos-apps/watermelon/assets/GlobalScript/BaseUILayerCtrl.ts as cce:/internal/x/cc.
debug: Resolve cc from file:///Users/mzwine/Codes/other/cocos-apps/watermelon/assets/GlobalScript/BaseUILayerCtrl.ts as cce:/internal/x/cc.
debug: Resolve cc from file:///Users/mzwine/Codes/other/cocos-apps/watermelon/assets/GlobalScript/Billboard.ts as cce:/internal/x/cc.
debug: Resolve cc from file:///Users/mzwine/Codes/other/cocos-apps/watermelon/assets/GlobalScript/Billboard.ts as cce:/internal/x/cc.
debug: Resolve cc from file:///Users/mzwine/Codes/other/cocos-apps/watermelon/assets/GlobalScript/Config.ts as cce:/internal/x/cc.
debug: Resolve cc from file:///Users/mzwine/Codes/other/cocos-apps/watermelon/assets/GlobalScript/Config.ts as cce:/internal/x/cc.
debug: Resolve cc from file:///Users/mzwine/Codes/other/cocos-apps/watermelon/assets/GlobalScript/Base64.ts as cce:/internal/x/cc.
debug: Resolve cce:/internal/code-quality/cr.mjs from file:///Users/mzwine/Codes/other/cocos-apps/watermelon/assets/GlobalScript/LanguageConfig.ts as cce:/internal/code-quality/cr.mjs.
debug: Resolve cc from file:///Users/mzwine/Codes/other/cocos-apps/watermelon/assets/GlobalScript/LanguageConfig.ts as cce:/internal/x/cc.
debug: Resolve cc from file:///Users/mzwine/Codes/other/cocos-apps/watermelon/assets/GlobalScript/GlobalTemp.ts as cce:/internal/x/cc.
debug: Resolve cc from file:///Users/mzwine/Codes/other/cocos-apps/watermelon/assets/GlobalScript/GlobalTemp.ts as cce:/internal/x/cc.
debug: Resolve cce:/internal/code-quality/cr.mjs from file:///Users/mzwine/Codes/other/cocos-apps/watermelon/assets/GlobalScript/LanguageLabelTicksCtrl.ts as cce:/internal/code-quality/cr.mjs.
debug: Resolve cc from file:///Users/mzwine/Codes/other/cocos-apps/watermelon/assets/GlobalScript/LanguageLabelTicksCtrl.ts as cce:/internal/x/cc.
debug: Resolve cc from file:///Users/mzwine/Codes/other/cocos-apps/watermelon/assets/GlobalScript/LanguageLabelTicksCtrl.ts as cce:/internal/x/cc.
debug: Resolve cce:/internal/code-quality/cr.mjs from file:///Users/mzwine/Codes/other/cocos-apps/watermelon/assets/GlobalScript/LanguageLabelsCtrl.ts as cce:/internal/code-quality/cr.mjs.
debug: Resolve cc from file:///Users/mzwine/Codes/other/cocos-apps/watermelon/assets/GlobalScript/LanguageLabelsCtrl.ts as cce:/internal/x/cc.
debug: Resolve cc from file:///Users/mzwine/Codes/other/cocos-apps/watermelon/assets/GlobalScript/LanguageLabelsCtrl.ts as cce:/internal/x/cc.
debug: Resolve cc from file:///Users/mzwine/Codes/other/cocos-apps/watermelon/assets/GlobalScript/LayoutForTopToolAndBanner.ts as cce:/internal/x/cc.
debug: Resolve cc from file:///Users/mzwine/Codes/other/cocos-apps/watermelon/assets/GlobalScript/LayoutForTopToolAndBanner.ts as cce:/internal/x/cc.
debug: Resolve cce:/internal/code-quality/cr.mjs from file:///Users/mzwine/Codes/other/cocos-apps/watermelon/assets/GlobalScript/LocalData.ts as cce:/internal/code-quality/cr.mjs.
debug: Resolve cc from file:///Users/mzwine/Codes/other/cocos-apps/watermelon/assets/GlobalScript/LocalData.ts as cce:/internal/x/cc.
debug: Resolve cc from file:///Users/mzwine/Codes/other/cocos-apps/watermelon/assets/GlobalScript/LocalData.ts as cce:/internal/x/cc.
debug: Resolve cc from file:///Users/mzwine/Codes/other/cocos-apps/watermelon/assets/GlobalScript/LabelTickCtrl.ts as cce:/internal/x/cc.
debug: Resolve cc from file:///Users/mzwine/Codes/other/cocos-apps/watermelon/assets/GlobalScript/LabelTickCtrl.ts as cce:/internal/x/cc.
debug: Resolve cc from file:///Users/mzwine/Codes/other/cocos-apps/watermelon/assets/GlobalScript/ProgressBarTickCtrl.ts as cce:/internal/x/cc.
debug: Resolve cc from file:///Users/mzwine/Codes/other/cocos-apps/watermelon/assets/GlobalScript/ProgressBarTickCtrl.ts as cce:/internal/x/cc.
debug: Resolve cc from file:///Users/mzwine/Codes/other/cocos-apps/watermelon/assets/GlobalScript/NotificationCenter.ts as cce:/internal/x/cc.
debug: Resolve cc from file:///Users/mzwine/Codes/other/cocos-apps/watermelon/assets/GlobalScript/NotificationCenter.ts as cce:/internal/x/cc.
debug: Resolve cc from file:///Users/mzwine/Codes/other/cocos-apps/watermelon/assets/migrate-canvas.ts as cce:/internal/x/cc.
debug: Resolve cc from file:///Users/mzwine/Codes/other/cocos-apps/watermelon/assets/migrate-canvas.ts as cce:/internal/x/cc.
debug: Resolve cce:/internal/code-quality/cr.mjs from file:///Users/mzwine/Codes/other/cocos-apps/watermelon/assets/GlobalScript/LanguageSpritesCtrl.ts as cce:/internal/code-quality/cr.mjs.
debug: Resolve cc from file:///Users/mzwine/Codes/other/cocos-apps/watermelon/assets/GlobalScript/LanguageSpritesCtrl.ts as cce:/internal/x/cc.
debug: Resolve cc from file:///Users/mzwine/Codes/other/cocos-apps/watermelon/assets/GlobalScript/LanguageSpritesCtrl.ts as cce:/internal/x/cc.
debug: Resolve cce:/internal/code-quality/cr.mjs from file:///Users/mzwine/Codes/other/cocos-apps/watermelon/assets/res/GameOVerLauer2.ts as cce:/internal/code-quality/cr.mjs.
debug: Resolve cc from file:///Users/mzwine/Codes/other/cocos-apps/watermelon/assets/res/GameOVerLauer2.ts as cce:/internal/x/cc.
debug: Resolve cc from file:///Users/mzwine/Codes/other/cocos-apps/watermelon/assets/res/GameOVerLauer2.ts as cce:/internal/x/cc.
debug: Resolve cce:/internal/code-quality/cr.mjs from file:///Users/mzwine/Codes/other/cocos-apps/watermelon/assets/GlobalScript/Utils.ts as cce:/internal/code-quality/cr.mjs.
debug: Resolve cc from file:///Users/mzwine/Codes/other/cocos-apps/watermelon/assets/GlobalScript/Utils.ts as cce:/internal/x/cc.
debug: Resolve cc from file:///Users/mzwine/Codes/other/cocos-apps/watermelon/assets/GlobalScript/Utils.ts as cce:/internal/x/cc.
debug: Resolve ../Config/fruit_config from file:///Users/mzwine/Codes/other/cocos-apps/watermelon/assets/GameScene/FruitCtrl.ts as file:///Users/mzwine/Codes/other/cocos-apps/watermelon/assets/Config/fruit_config.ts.
debug: Resolve ../GlobalScript/AudioCtrl from file:///Users/mzwine/Codes/other/cocos-apps/watermelon/assets/GameScene/FruitCtrl.ts as file:///Users/mzwine/Codes/other/cocos-apps/watermelon/assets/GlobalScript/AudioCtrl.ts.
debug: Resolve ../GlobalScript/AudioHelper from file:///Users/mzwine/Codes/other/cocos-apps/watermelon/assets/GameScene/FruitCtrl.ts as file:///Users/mzwine/Codes/other/cocos-apps/watermelon/assets/GlobalScript/AudioHelper.ts.
debug: Resolve ../GlobalScript/NotificationCenter from file:///Users/mzwine/Codes/other/cocos-apps/watermelon/assets/GameScene/FruitCtrl.ts as file:///Users/mzwine/Codes/other/cocos-apps/watermelon/assets/GlobalScript/NotificationCenter.ts.
debug: Resolve ../Config/fruit_config from file:///Users/mzwine/Codes/other/cocos-apps/watermelon/assets/GameScene/GameSceneCtrl.ts as file:///Users/mzwine/Codes/other/cocos-apps/watermelon/assets/Config/fruit_config.ts.
debug: Resolve ../GlobalScript/AudioCtrl from file:///Users/mzwine/Codes/other/cocos-apps/watermelon/assets/GameScene/GameSceneCtrl.ts as file:///Users/mzwine/Codes/other/cocos-apps/watermelon/assets/GlobalScript/AudioCtrl.ts.
debug: Resolve ../GlobalScript/AudioHelper from file:///Users/mzwine/Codes/other/cocos-apps/watermelon/assets/GameScene/GameSceneCtrl.ts as file:///Users/mzwine/Codes/other/cocos-apps/watermelon/assets/GlobalScript/AudioHelper.ts.
debug: Resolve ../GlobalScript/NotificationCenter from file:///Users/mzwine/Codes/other/cocos-apps/watermelon/assets/GameScene/GameSceneCtrl.ts as file:///Users/mzwine/Codes/other/cocos-apps/watermelon/assets/GlobalScript/NotificationCenter.ts.
debug: Resolve ./FruitCtrl from file:///Users/mzwine/Codes/other/cocos-apps/watermelon/assets/GameScene/GameSceneCtrl.ts as file:///Users/mzwine/Codes/other/cocos-apps/watermelon/assets/GameScene/FruitCtrl.ts.
debug: Resolve ./ui/CanvasCtrl from file:///Users/mzwine/Codes/other/cocos-apps/watermelon/assets/GameScene/GameSceneCtrl.ts as file:///Users/mzwine/Codes/other/cocos-apps/watermelon/assets/GameScene/ui/CanvasCtrl.ts.
debug: Resolve ../GlobalScript/Utils from file:///Users/mzwine/Codes/other/cocos-apps/watermelon/assets/GameScene/GameSceneCtrl.ts as file:///Users/mzwine/Codes/other/cocos-apps/watermelon/assets/GlobalScript/Utils.ts.
debug: Resolve ../GameSceneCtrl from file:///Users/mzwine/Codes/other/cocos-apps/watermelon/assets/GameScene/ui/touchNodeCtrl.ts as file:///Users/mzwine/Codes/other/cocos-apps/watermelon/assets/GameScene/GameSceneCtrl.ts.
debug: Resolve ../../../GlobalScript/AudioCtrl from file:///Users/mzwine/Codes/other/cocos-apps/watermelon/assets/GameScene/ui/gameOverLayer/GameOverLayerCtrl.ts as file:///Users/mzwine/Codes/other/cocos-apps/watermelon/assets/GlobalScript/AudioCtrl.ts.
debug: Resolve ../../../GlobalScript/AudioHelper from file:///Users/mzwine/Codes/other/cocos-apps/watermelon/assets/GameScene/ui/gameOverLayer/GameOverLayerCtrl.ts as file:///Users/mzwine/Codes/other/cocos-apps/watermelon/assets/GlobalScript/AudioHelper.ts.
debug: Resolve ../../../GlobalScript/NotificationCenter from file:///Users/mzwine/Codes/other/cocos-apps/watermelon/assets/GameScene/ui/gameOverLayer/GameOverLayerCtrl.ts as file:///Users/mzwine/Codes/other/cocos-apps/watermelon/assets/GlobalScript/NotificationCenter.ts.
debug: Resolve ../../GlobalScript/AudioCtrl from file:///Users/mzwine/Codes/other/cocos-apps/watermelon/assets/GameScene/ui/RefreshFruitNodeCtrl.ts as file:///Users/mzwine/Codes/other/cocos-apps/watermelon/assets/GlobalScript/AudioCtrl.ts.
debug: Resolve ../../GlobalScript/AudioHelper from file:///Users/mzwine/Codes/other/cocos-apps/watermelon/assets/GameScene/ui/RefreshFruitNodeCtrl.ts as file:///Users/mzwine/Codes/other/cocos-apps/watermelon/assets/GlobalScript/AudioHelper.ts.
debug: Resolve ../../GlobalScript/NotificationCenter from file:///Users/mzwine/Codes/other/cocos-apps/watermelon/assets/GameScene/ui/RefreshFruitNodeCtrl.ts as file:///Users/mzwine/Codes/other/cocos-apps/watermelon/assets/GlobalScript/NotificationCenter.ts.
debug: Resolve ../../GlobalScript/LabelTickCtrl from file:///Users/mzwine/Codes/other/cocos-apps/watermelon/assets/GameScene/ui/CanvasCtrl.ts as file:///Users/mzwine/Codes/other/cocos-apps/watermelon/assets/GlobalScript/LabelTickCtrl.ts.
debug: Resolve ./gameOverLayer/GameOverLayerCtrl from file:///Users/mzwine/Codes/other/cocos-apps/watermelon/assets/GameScene/ui/CanvasCtrl.ts as file:///Users/mzwine/Codes/other/cocos-apps/watermelon/assets/GameScene/ui/gameOverLayer/GameOverLayerCtrl.ts.
debug: Resolve ./AudioCtrl from file:///Users/mzwine/Codes/other/cocos-apps/watermelon/assets/GlobalScript/AudioHelper.ts as file:///Users/mzwine/Codes/other/cocos-apps/watermelon/assets/GlobalScript/AudioCtrl.ts.
debug: Resolve ./NotificationCenter from file:///Users/mzwine/Codes/other/cocos-apps/watermelon/assets/GlobalScript/BaseUILayerCtrl.ts as file:///Users/mzwine/Codes/other/cocos-apps/watermelon/assets/GlobalScript/NotificationCenter.ts.
debug: Resolve ./Config from file:///Users/mzwine/Codes/other/cocos-apps/watermelon/assets/GlobalScript/LanguageConfig.ts as file:///Users/mzwine/Codes/other/cocos-apps/watermelon/assets/GlobalScript/Config.ts.
debug: Resolve ./LabelTickCtrl from file:///Users/mzwine/Codes/other/cocos-apps/watermelon/assets/GlobalScript/LanguageLabelTicksCtrl.ts as file:///Users/mzwine/Codes/other/cocos-apps/watermelon/assets/GlobalScript/LabelTickCtrl.ts.
debug: Resolve ./LanguageConfig from file:///Users/mzwine/Codes/other/cocos-apps/watermelon/assets/GlobalScript/LanguageLabelTicksCtrl.ts as file:///Users/mzwine/Codes/other/cocos-apps/watermelon/assets/GlobalScript/LanguageConfig.ts.
debug: Resolve ./LanguageConfig from file:///Users/mzwine/Codes/other/cocos-apps/watermelon/assets/GlobalScript/LanguageLabelsCtrl.ts as file:///Users/mzwine/Codes/other/cocos-apps/watermelon/assets/GlobalScript/LanguageConfig.ts.
debug: Resolve ./Config from file:///Users/mzwine/Codes/other/cocos-apps/watermelon/assets/GlobalScript/LocalData.ts as file:///Users/mzwine/Codes/other/cocos-apps/watermelon/assets/GlobalScript/Config.ts.
debug: Resolve ./Base64 from file:///Users/mzwine/Codes/other/cocos-apps/watermelon/assets/GlobalScript/LocalData.ts as file:///Users/mzwine/Codes/other/cocos-apps/watermelon/assets/GlobalScript/Base64.ts.
debug: Resolve ./NotificationCenter from file:///Users/mzwine/Codes/other/cocos-apps/watermelon/assets/GlobalScript/LocalData.ts as file:///Users/mzwine/Codes/other/cocos-apps/watermelon/assets/GlobalScript/NotificationCenter.ts.
debug: Resolve ./Utils from file:///Users/mzwine/Codes/other/cocos-apps/watermelon/assets/GlobalScript/LocalData.ts as file:///Users/mzwine/Codes/other/cocos-apps/watermelon/assets/GlobalScript/Utils.ts.
debug: Resolve ./Config from file:///Users/mzwine/Codes/other/cocos-apps/watermelon/assets/GlobalScript/LanguageSpritesCtrl.ts as file:///Users/mzwine/Codes/other/cocos-apps/watermelon/assets/GlobalScript/Config.ts.
debug: Resolve ../GlobalScript/AudioCtrl from file:///Users/mzwine/Codes/other/cocos-apps/watermelon/assets/res/GameOVerLauer2.ts as file:///Users/mzwine/Codes/other/cocos-apps/watermelon/assets/GlobalScript/AudioCtrl.ts.
debug: Resolve ../GlobalScript/AudioHelper from file:///Users/mzwine/Codes/other/cocos-apps/watermelon/assets/res/GameOVerLauer2.ts as file:///Users/mzwine/Codes/other/cocos-apps/watermelon/assets/GlobalScript/AudioHelper.ts.
debug: Resolve ../GlobalScript/NotificationCenter from file:///Users/mzwine/Codes/other/cocos-apps/watermelon/assets/res/GameOVerLauer2.ts as file:///Users/mzwine/Codes/other/cocos-apps/watermelon/assets/GlobalScript/NotificationCenter.ts.
debug: Resolve ../Config/fruit_config from file:///Users/mzwine/Codes/other/cocos-apps/watermelon/assets/GlobalScript/Utils.ts as file:///Users/mzwine/Codes/other/cocos-apps/watermelon/assets/Config/fruit_config.ts.
debug: Target(editor) ends with cost 1358.9846249818802ms.
debug: Target(preview) build started.
debug: Inspect cce:/internal/x/cc
debug: Resolve cce:/internal/x/cc-fu/base from cce:/internal/x/cc as external dependency cce:/internal/x/cc-fu/base.
debug: Resolve cce:/internal/x/cc-fu/gfx-webgl from cce:/internal/x/cc as external dependency cce:/internal/x/cc-fu/gfx-webgl.
debug: Resolve cce:/internal/x/cc-fu/gfx-webgl2 from cce:/internal/x/cc as external dependency cce:/internal/x/cc-fu/gfx-webgl2.
debug: Resolve cce:/internal/x/cc-fu/3d from cce:/internal/x/cc as external dependency cce:/internal/x/cc-fu/3d.
debug: Resolve cce:/internal/x/cc-fu/2d from cce:/internal/x/cc as external dependency cce:/internal/x/cc-fu/2d.
debug: Resolve cce:/internal/x/cc-fu/ui from cce:/internal/x/cc as external dependency cce:/internal/x/cc-fu/ui.
debug: Resolve cce:/internal/x/cc-fu/particle from cce:/internal/x/cc as external dependency cce:/internal/x/cc-fu/particle.
debug: Resolve cce:/internal/x/cc-fu/physics-cannon from cce:/internal/x/cc as external dependency cce:/internal/x/cc-fu/physics-cannon.
debug: Resolve cce:/internal/x/cc-fu/physics-framework from cce:/internal/x/cc as external dependency cce:/internal/x/cc-fu/physics-framework.
debug: Resolve cce:/internal/x/cc-fu/physics-2d-box2d from cce:/internal/x/cc as external dependency cce:/internal/x/cc-fu/physics-2d-box2d.
debug: Resolve cce:/internal/x/cc-fu/physics-2d-framework from cce:/internal/x/cc as external dependency cce:/internal/x/cc-fu/physics-2d-framework.
debug: Resolve cce:/internal/x/cc-fu/intersection-2d from cce:/internal/x/cc as external dependency cce:/internal/x/cc-fu/intersection-2d.
debug: Resolve cce:/internal/x/cc-fu/primitive from cce:/internal/x/cc as external dependency cce:/internal/x/cc-fu/primitive.
debug: Resolve cce:/internal/x/cc-fu/profiler from cce:/internal/x/cc as external dependency cce:/internal/x/cc-fu/profiler.
debug: Resolve cce:/internal/x/cc-fu/particle-2d from cce:/internal/x/cc as external dependency cce:/internal/x/cc-fu/particle-2d.
debug: Resolve cce:/internal/x/cc-fu/audio from cce:/internal/x/cc as external dependency cce:/internal/x/cc-fu/audio.
debug: Resolve cce:/internal/x/cc-fu/video from cce:/internal/x/cc as external dependency cce:/internal/x/cc-fu/video.
debug: Resolve cce:/internal/x/cc-fu/webview from cce:/internal/x/cc as external dependency cce:/internal/x/cc-fu/webview.
debug: Resolve cce:/internal/x/cc-fu/tween from cce:/internal/x/cc as external dependency cce:/internal/x/cc-fu/tween.
debug: Resolve cce:/internal/x/cc-fu/terrain from cce:/internal/x/cc as external dependency cce:/internal/x/cc-fu/terrain.
debug: Resolve cce:/internal/x/cc-fu/tiled-map from cce:/internal/x/cc as external dependency cce:/internal/x/cc-fu/tiled-map.
debug: Resolve cce:/internal/x/cc-fu/spine from cce:/internal/x/cc as external dependency cce:/internal/x/cc-fu/spine.
debug: Resolve cce:/internal/x/cc-fu/dragon-bones from cce:/internal/x/cc as external dependency cce:/internal/x/cc-fu/dragon-bones.
debug: Inspect cce:/internal/x/prerequisite-imports
debug: Resolve file:///Users/mzwine/Codes/other/cocos-apps/watermelon/assets/Config/fruit_config.ts from cce:/internal/x/prerequisite-imports as file:///Users/mzwine/Codes/other/cocos-apps/watermelon/assets/Config/fruit_config.ts.
debug: Resolve file:///Users/mzwine/Codes/other/cocos-apps/watermelon/assets/GameScene/FruitCtrl.ts from cce:/internal/x/prerequisite-imports as file:///Users/mzwine/Codes/other/cocos-apps/watermelon/assets/GameScene/FruitCtrl.ts.
debug: Resolve file:///Users/mzwine/Codes/other/cocos-apps/watermelon/assets/GameScene/GameSceneCtrl.ts from cce:/internal/x/prerequisite-imports as file:///Users/mzwine/Codes/other/cocos-apps/watermelon/assets/GameScene/GameSceneCtrl.ts.
debug: Resolve file:///Users/mzwine/Codes/other/cocos-apps/watermelon/assets/GameScene/ui/BgNodeCtrl.ts from cce:/internal/x/prerequisite-imports as file:///Users/mzwine/Codes/other/cocos-apps/watermelon/assets/GameScene/ui/BgNodeCtrl.ts.
debug: Resolve file:///Users/mzwine/Codes/other/cocos-apps/watermelon/assets/GameScene/ui/CanvasCtrl.ts from cce:/internal/x/prerequisite-imports as file:///Users/mzwine/Codes/other/cocos-apps/watermelon/assets/GameScene/ui/CanvasCtrl.ts.
debug: Resolve file:///Users/mzwine/Codes/other/cocos-apps/watermelon/assets/GameScene/ui/RefreshFruitNodeCtrl.ts from cce:/internal/x/prerequisite-imports as file:///Users/mzwine/Codes/other/cocos-apps/watermelon/assets/GameScene/ui/RefreshFruitNodeCtrl.ts.
debug: Resolve file:///Users/mzwine/Codes/other/cocos-apps/watermelon/assets/GameScene/ui/gameOverLayer/GameOverLayerCtrl.ts from cce:/internal/x/prerequisite-imports as file:///Users/mzwine/Codes/other/cocos-apps/watermelon/assets/GameScene/ui/gameOverLayer/GameOverLayerCtrl.ts.
debug: Resolve file:///Users/mzwine/Codes/other/cocos-apps/watermelon/assets/GameScene/ui/touchNodeCtrl.ts from cce:/internal/x/prerequisite-imports as file:///Users/mzwine/Codes/other/cocos-apps/watermelon/assets/GameScene/ui/touchNodeCtrl.ts.
debug: Resolve file:///Users/mzwine/Codes/other/cocos-apps/watermelon/assets/GlobalScript/AudioCtrl.ts from cce:/internal/x/prerequisite-imports as file:///Users/mzwine/Codes/other/cocos-apps/watermelon/assets/GlobalScript/AudioCtrl.ts.
debug: Resolve file:///Users/mzwine/Codes/other/cocos-apps/watermelon/assets/GlobalScript/AudioHelper.ts from cce:/internal/x/prerequisite-imports as file:///Users/mzwine/Codes/other/cocos-apps/watermelon/assets/GlobalScript/AudioHelper.ts.
debug: Resolve file:///Users/mzwine/Codes/other/cocos-apps/watermelon/assets/GlobalScript/Base64.ts from cce:/internal/x/prerequisite-imports as file:///Users/mzwine/Codes/other/cocos-apps/watermelon/assets/GlobalScript/Base64.ts.
debug: Resolve file:///Users/mzwine/Codes/other/cocos-apps/watermelon/assets/GlobalScript/BaseUILayerCtrl.ts from cce:/internal/x/prerequisite-imports as file:///Users/mzwine/Codes/other/cocos-apps/watermelon/assets/GlobalScript/BaseUILayerCtrl.ts.
debug: Resolve file:///Users/mzwine/Codes/other/cocos-apps/watermelon/assets/GlobalScript/Billboard.ts from cce:/internal/x/prerequisite-imports as file:///Users/mzwine/Codes/other/cocos-apps/watermelon/assets/GlobalScript/Billboard.ts.
debug: Resolve file:///Users/mzwine/Codes/other/cocos-apps/watermelon/assets/GlobalScript/Config.ts from cce:/internal/x/prerequisite-imports as file:///Users/mzwine/Codes/other/cocos-apps/watermelon/assets/GlobalScript/Config.ts.
debug: Resolve file:///Users/mzwine/Codes/other/cocos-apps/watermelon/assets/GlobalScript/GlobalTemp.ts from cce:/internal/x/prerequisite-imports as file:///Users/mzwine/Codes/other/cocos-apps/watermelon/assets/GlobalScript/GlobalTemp.ts.
debug: Resolve file:///Users/mzwine/Codes/other/cocos-apps/watermelon/assets/GlobalScript/LabelTickCtrl.ts from cce:/internal/x/prerequisite-imports as file:///Users/mzwine/Codes/other/cocos-apps/watermelon/assets/GlobalScript/LabelTickCtrl.ts.
debug: Resolve file:///Users/mzwine/Codes/other/cocos-apps/watermelon/assets/GlobalScript/LanguageConfig.ts from cce:/internal/x/prerequisite-imports as file:///Users/mzwine/Codes/other/cocos-apps/watermelon/assets/GlobalScript/LanguageConfig.ts.
debug: Resolve file:///Users/mzwine/Codes/other/cocos-apps/watermelon/assets/GlobalScript/LanguageLabelTicksCtrl.ts from cce:/internal/x/prerequisite-imports as file:///Users/mzwine/Codes/other/cocos-apps/watermelon/assets/GlobalScript/LanguageLabelTicksCtrl.ts.
debug: Resolve file:///Users/mzwine/Codes/other/cocos-apps/watermelon/assets/GlobalScript/LanguageLabelsCtrl.ts from cce:/internal/x/prerequisite-imports as file:///Users/mzwine/Codes/other/cocos-apps/watermelon/assets/GlobalScript/LanguageLabelsCtrl.ts.
debug: Resolve file:///Users/mzwine/Codes/other/cocos-apps/watermelon/assets/GlobalScript/LanguageSpritesCtrl.ts from cce:/internal/x/prerequisite-imports as file:///Users/mzwine/Codes/other/cocos-apps/watermelon/assets/GlobalScript/LanguageSpritesCtrl.ts.
debug: Resolve file:///Users/mzwine/Codes/other/cocos-apps/watermelon/assets/GlobalScript/LayoutForTopToolAndBanner.ts from cce:/internal/x/prerequisite-imports as file:///Users/mzwine/Codes/other/cocos-apps/watermelon/assets/GlobalScript/LayoutForTopToolAndBanner.ts.
debug: Resolve file:///Users/mzwine/Codes/other/cocos-apps/watermelon/assets/GlobalScript/LocalData.ts from cce:/internal/x/prerequisite-imports as file:///Users/mzwine/Codes/other/cocos-apps/watermelon/assets/GlobalScript/LocalData.ts.
debug: Resolve file:///Users/mzwine/Codes/other/cocos-apps/watermelon/assets/GlobalScript/NotificationCenter.ts from cce:/internal/x/prerequisite-imports as file:///Users/mzwine/Codes/other/cocos-apps/watermelon/assets/GlobalScript/NotificationCenter.ts.
debug: Resolve file:///Users/mzwine/Codes/other/cocos-apps/watermelon/assets/GlobalScript/ProgressBarTickCtrl.ts from cce:/internal/x/prerequisite-imports as file:///Users/mzwine/Codes/other/cocos-apps/watermelon/assets/GlobalScript/ProgressBarTickCtrl.ts.
debug: Resolve file:///Users/mzwine/Codes/other/cocos-apps/watermelon/assets/GlobalScript/Utils.ts from cce:/internal/x/prerequisite-imports as file:///Users/mzwine/Codes/other/cocos-apps/watermelon/assets/GlobalScript/Utils.ts.
debug: Resolve file:///Users/mzwine/Codes/other/cocos-apps/watermelon/assets/migrate-canvas.ts from cce:/internal/x/prerequisite-imports as file:///Users/mzwine/Codes/other/cocos-apps/watermelon/assets/migrate-canvas.ts.
debug: Resolve file:///Users/mzwine/Codes/other/cocos-apps/watermelon/assets/res/GameOVerLauer2.ts from cce:/internal/x/prerequisite-imports as file:///Users/mzwine/Codes/other/cocos-apps/watermelon/assets/res/GameOVerLauer2.ts.
debug: Inspect file:///Users/mzwine/Codes/other/cocos-apps/watermelon/assets/Config/fruit_config.ts
debug: Inspect file:///Users/mzwine/Codes/other/cocos-apps/watermelon/assets/GameScene/FruitCtrl.ts
debug: Inspect file:///Users/mzwine/Codes/other/cocos-apps/watermelon/assets/GameScene/GameSceneCtrl.ts
debug: Inspect file:///Users/mzwine/Codes/other/cocos-apps/watermelon/assets/GameScene/ui/BgNodeCtrl.ts
debug: Inspect file:///Users/mzwine/Codes/other/cocos-apps/watermelon/assets/GameScene/ui/CanvasCtrl.ts
debug: Inspect file:///Users/mzwine/Codes/other/cocos-apps/watermelon/assets/GameScene/ui/RefreshFruitNodeCtrl.ts
debug: Inspect file:///Users/mzwine/Codes/other/cocos-apps/watermelon/assets/GameScene/ui/gameOverLayer/GameOverLayerCtrl.ts
debug: Inspect file:///Users/mzwine/Codes/other/cocos-apps/watermelon/assets/GameScene/ui/touchNodeCtrl.ts
debug: Inspect file:///Users/mzwine/Codes/other/cocos-apps/watermelon/assets/GlobalScript/AudioCtrl.ts
debug: Inspect file:///Users/mzwine/Codes/other/cocos-apps/watermelon/assets/GlobalScript/AudioHelper.ts
debug: Inspect file:///Users/mzwine/Codes/other/cocos-apps/watermelon/assets/GlobalScript/Base64.ts
debug: Inspect file:///Users/mzwine/Codes/other/cocos-apps/watermelon/assets/GlobalScript/BaseUILayerCtrl.ts
debug: Inspect file:///Users/mzwine/Codes/other/cocos-apps/watermelon/assets/GlobalScript/Billboard.ts
debug: Inspect file:///Users/mzwine/Codes/other/cocos-apps/watermelon/assets/GlobalScript/Config.ts
debug: Inspect file:///Users/mzwine/Codes/other/cocos-apps/watermelon/assets/GlobalScript/GlobalTemp.ts
debug: Inspect file:///Users/mzwine/Codes/other/cocos-apps/watermelon/assets/GlobalScript/LabelTickCtrl.ts
debug: Inspect file:///Users/mzwine/Codes/other/cocos-apps/watermelon/assets/GlobalScript/LanguageConfig.ts
debug: Inspect file:///Users/mzwine/Codes/other/cocos-apps/watermelon/assets/GlobalScript/LanguageLabelTicksCtrl.ts
debug: Inspect file:///Users/mzwine/Codes/other/cocos-apps/watermelon/assets/GlobalScript/LanguageLabelsCtrl.ts
debug: Inspect file:///Users/mzwine/Codes/other/cocos-apps/watermelon/assets/GlobalScript/LanguageSpritesCtrl.ts
debug: Inspect file:///Users/mzwine/Codes/other/cocos-apps/watermelon/assets/GlobalScript/LayoutForTopToolAndBanner.ts
debug: Inspect file:///Users/mzwine/Codes/other/cocos-apps/watermelon/assets/GlobalScript/LocalData.ts
debug: Inspect file:///Users/mzwine/Codes/other/cocos-apps/watermelon/assets/GlobalScript/NotificationCenter.ts
debug: Inspect file:///Users/mzwine/Codes/other/cocos-apps/watermelon/assets/GlobalScript/ProgressBarTickCtrl.ts
debug: Inspect file:///Users/mzwine/Codes/other/cocos-apps/watermelon/assets/GlobalScript/Utils.ts
debug: Inspect file:///Users/mzwine/Codes/other/cocos-apps/watermelon/assets/migrate-canvas.ts
debug: Inspect file:///Users/mzwine/Codes/other/cocos-apps/watermelon/assets/res/GameOVerLauer2.ts
debug: Resolve cc from file:///Users/mzwine/Codes/other/cocos-apps/watermelon/assets/Config/fruit_config.ts as cce:/internal/x/cc.
debug: Resolve cc from file:///Users/mzwine/Codes/other/cocos-apps/watermelon/assets/Config/fruit_config.ts as cce:/internal/x/cc.
debug: Resolve cce:/internal/code-quality/cr.mjs from file:///Users/mzwine/Codes/other/cocos-apps/watermelon/assets/GameScene/FruitCtrl.ts as cce:/internal/code-quality/cr.mjs.
debug: Resolve cc from file:///Users/mzwine/Codes/other/cocos-apps/watermelon/assets/GameScene/FruitCtrl.ts as cce:/internal/x/cc.
debug: Resolve cc from file:///Users/mzwine/Codes/other/cocos-apps/watermelon/assets/GameScene/FruitCtrl.ts as cce:/internal/x/cc.
debug: Inspect cce:/internal/code-quality/cr.mjs
debug: Resolve cc from file:///Users/mzwine/Codes/other/cocos-apps/watermelon/assets/GameScene/ui/BgNodeCtrl.ts as cce:/internal/x/cc.
debug: Resolve cc from file:///Users/mzwine/Codes/other/cocos-apps/watermelon/assets/GameScene/ui/BgNodeCtrl.ts as cce:/internal/x/cc.
debug: Resolve cce:/internal/code-quality/cr.mjs from file:///Users/mzwine/Codes/other/cocos-apps/watermelon/assets/GameScene/ui/CanvasCtrl.ts as cce:/internal/code-quality/cr.mjs.
debug: Resolve cc from file:///Users/mzwine/Codes/other/cocos-apps/watermelon/assets/GameScene/ui/CanvasCtrl.ts as cce:/internal/x/cc.
debug: Resolve cc from file:///Users/mzwine/Codes/other/cocos-apps/watermelon/assets/GameScene/ui/CanvasCtrl.ts as cce:/internal/x/cc.
debug: Resolve cce:/internal/code-quality/cr.mjs from file:///Users/mzwine/Codes/other/cocos-apps/watermelon/assets/GameScene/ui/gameOverLayer/GameOverLayerCtrl.ts as cce:/internal/code-quality/cr.mjs.
debug: Resolve cc from file:///Users/mzwine/Codes/other/cocos-apps/watermelon/assets/GameScene/ui/gameOverLayer/GameOverLayerCtrl.ts as cce:/internal/x/cc.
debug: Resolve cc from file:///Users/mzwine/Codes/other/cocos-apps/watermelon/assets/GameScene/ui/gameOverLayer/GameOverLayerCtrl.ts as cce:/internal/x/cc.
debug: Resolve cce:/internal/code-quality/cr.mjs from file:///Users/mzwine/Codes/other/cocos-apps/watermelon/assets/GameScene/ui/touchNodeCtrl.ts as cce:/internal/code-quality/cr.mjs.
debug: Resolve cc from file:///Users/mzwine/Codes/other/cocos-apps/watermelon/assets/GameScene/ui/touchNodeCtrl.ts as cce:/internal/x/cc.
debug: Resolve cc from file:///Users/mzwine/Codes/other/cocos-apps/watermelon/assets/GameScene/ui/touchNodeCtrl.ts as cce:/internal/x/cc.
debug: Resolve cc from file:///Users/mzwine/Codes/other/cocos-apps/watermelon/assets/GlobalScript/AudioCtrl.ts as cce:/internal/x/cc.
debug: Resolve cc from file:///Users/mzwine/Codes/other/cocos-apps/watermelon/assets/GlobalScript/AudioCtrl.ts as cce:/internal/x/cc.
debug: Resolve cce:/internal/code-quality/cr.mjs from file:///Users/mzwine/Codes/other/cocos-apps/watermelon/assets/GlobalScript/AudioHelper.ts as cce:/internal/code-quality/cr.mjs.
debug: Resolve cc from file:///Users/mzwine/Codes/other/cocos-apps/watermelon/assets/GlobalScript/AudioHelper.ts as cce:/internal/x/cc.
debug: Resolve cc from file:///Users/mzwine/Codes/other/cocos-apps/watermelon/assets/GlobalScript/AudioHelper.ts as cce:/internal/x/cc.
debug: Resolve cce:/internal/code-quality/cr.mjs from file:///Users/mzwine/Codes/other/cocos-apps/watermelon/assets/GameScene/ui/RefreshFruitNodeCtrl.ts as cce:/internal/code-quality/cr.mjs.
debug: Resolve cc from file:///Users/mzwine/Codes/other/cocos-apps/watermelon/assets/GameScene/ui/RefreshFruitNodeCtrl.ts as cce:/internal/x/cc.
debug: Resolve cc from file:///Users/mzwine/Codes/other/cocos-apps/watermelon/assets/GameScene/ui/RefreshFruitNodeCtrl.ts as cce:/internal/x/cc.
debug: Resolve cc from file:///Users/mzwine/Codes/other/cocos-apps/watermelon/assets/GlobalScript/Base64.ts as cce:/internal/x/cc.
debug: Resolve cce:/internal/code-quality/cr.mjs from file:///Users/mzwine/Codes/other/cocos-apps/watermelon/assets/GlobalScript/BaseUILayerCtrl.ts as cce:/internal/code-quality/cr.mjs.
debug: Resolve cc from file:///Users/mzwine/Codes/other/cocos-apps/watermelon/assets/GlobalScript/BaseUILayerCtrl.ts as cce:/internal/x/cc.
debug: Resolve cc from file:///Users/mzwine/Codes/other/cocos-apps/watermelon/assets/GlobalScript/BaseUILayerCtrl.ts as cce:/internal/x/cc.
debug: Resolve cc from file:///Users/mzwine/Codes/other/cocos-apps/watermelon/assets/GlobalScript/Billboard.ts as cce:/internal/x/cc.
debug: Resolve cc from file:///Users/mzwine/Codes/other/cocos-apps/watermelon/assets/GlobalScript/Billboard.ts as cce:/internal/x/cc.
debug: Resolve cc from file:///Users/mzwine/Codes/other/cocos-apps/watermelon/assets/GlobalScript/Config.ts as cce:/internal/x/cc.
debug: Resolve cc from file:///Users/mzwine/Codes/other/cocos-apps/watermelon/assets/GlobalScript/Config.ts as cce:/internal/x/cc.
debug: Resolve cc from file:///Users/mzwine/Codes/other/cocos-apps/watermelon/assets/GlobalScript/GlobalTemp.ts as cce:/internal/x/cc.
debug: Resolve cc from file:///Users/mzwine/Codes/other/cocos-apps/watermelon/assets/GlobalScript/GlobalTemp.ts as cce:/internal/x/cc.
debug: Resolve cc from file:///Users/mzwine/Codes/other/cocos-apps/watermelon/assets/GlobalScript/LabelTickCtrl.ts as cce:/internal/x/cc.
debug: Resolve cc from file:///Users/mzwine/Codes/other/cocos-apps/watermelon/assets/GlobalScript/LabelTickCtrl.ts as cce:/internal/x/cc.
debug: Resolve cce:/internal/code-quality/cr.mjs from file:///Users/mzwine/Codes/other/cocos-apps/watermelon/assets/GlobalScript/LanguageConfig.ts as cce:/internal/code-quality/cr.mjs.
debug: Resolve cc from file:///Users/mzwine/Codes/other/cocos-apps/watermelon/assets/GlobalScript/LanguageConfig.ts as cce:/internal/x/cc.
debug: Resolve cce:/internal/code-quality/cr.mjs from file:///Users/mzwine/Codes/other/cocos-apps/watermelon/assets/GlobalScript/LanguageLabelTicksCtrl.ts as cce:/internal/code-quality/cr.mjs.
debug: Resolve cc from file:///Users/mzwine/Codes/other/cocos-apps/watermelon/assets/GlobalScript/LanguageLabelTicksCtrl.ts as cce:/internal/x/cc.
debug: Resolve cc from file:///Users/mzwine/Codes/other/cocos-apps/watermelon/assets/GlobalScript/LanguageLabelTicksCtrl.ts as cce:/internal/x/cc.
debug: Resolve cce:/internal/code-quality/cr.mjs from file:///Users/mzwine/Codes/other/cocos-apps/watermelon/assets/GlobalScript/LanguageLabelsCtrl.ts as cce:/internal/code-quality/cr.mjs.
debug: Resolve cc from file:///Users/mzwine/Codes/other/cocos-apps/watermelon/assets/GlobalScript/LanguageLabelsCtrl.ts as cce:/internal/x/cc.
debug: Resolve cc from file:///Users/mzwine/Codes/other/cocos-apps/watermelon/assets/GlobalScript/LanguageLabelsCtrl.ts as cce:/internal/x/cc.
debug: Resolve cc from file:///Users/mzwine/Codes/other/cocos-apps/watermelon/assets/GlobalScript/LayoutForTopToolAndBanner.ts as cce:/internal/x/cc.
debug: Resolve cc from file:///Users/mzwine/Codes/other/cocos-apps/watermelon/assets/GlobalScript/LayoutForTopToolAndBanner.ts as cce:/internal/x/cc.
debug: Resolve cce:/internal/code-quality/cr.mjs from file:///Users/mzwine/Codes/other/cocos-apps/watermelon/assets/GlobalScript/LocalData.ts as cce:/internal/code-quality/cr.mjs.
debug: Resolve cc from file:///Users/mzwine/Codes/other/cocos-apps/watermelon/assets/GlobalScript/LocalData.ts as cce:/internal/x/cc.
debug: Resolve cc from file:///Users/mzwine/Codes/other/cocos-apps/watermelon/assets/GlobalScript/LocalData.ts as cce:/internal/x/cc.
debug: Resolve cc from file:///Users/mzwine/Codes/other/cocos-apps/watermelon/assets/GlobalScript/NotificationCenter.ts as cce:/internal/x/cc.
debug: Resolve cc from file:///Users/mzwine/Codes/other/cocos-apps/watermelon/assets/GlobalScript/NotificationCenter.ts as cce:/internal/x/cc.
debug: Resolve cc from file:///Users/mzwine/Codes/other/cocos-apps/watermelon/assets/GlobalScript/ProgressBarTickCtrl.ts as cce:/internal/x/cc.
debug: Resolve cc from file:///Users/mzwine/Codes/other/cocos-apps/watermelon/assets/GlobalScript/ProgressBarTickCtrl.ts as cce:/internal/x/cc.
debug: Resolve cc from file:///Users/mzwine/Codes/other/cocos-apps/watermelon/assets/migrate-canvas.ts as cce:/internal/x/cc.
debug: Resolve cc from file:///Users/mzwine/Codes/other/cocos-apps/watermelon/assets/migrate-canvas.ts as cce:/internal/x/cc.
debug: Resolve cce:/internal/code-quality/cr.mjs from file:///Users/mzwine/Codes/other/cocos-apps/watermelon/assets/GlobalScript/LanguageSpritesCtrl.ts as cce:/internal/code-quality/cr.mjs.
debug: Resolve cc from file:///Users/mzwine/Codes/other/cocos-apps/watermelon/assets/GlobalScript/LanguageSpritesCtrl.ts as cce:/internal/x/cc.
debug: Resolve cc from file:///Users/mzwine/Codes/other/cocos-apps/watermelon/assets/GlobalScript/LanguageSpritesCtrl.ts as cce:/internal/x/cc.
debug: Resolve cce:/internal/code-quality/cr.mjs from file:///Users/mzwine/Codes/other/cocos-apps/watermelon/assets/GlobalScript/Utils.ts as cce:/internal/code-quality/cr.mjs.
debug: Resolve cc from file:///Users/mzwine/Codes/other/cocos-apps/watermelon/assets/GlobalScript/Utils.ts as cce:/internal/x/cc.
debug: Resolve cc from file:///Users/mzwine/Codes/other/cocos-apps/watermelon/assets/GlobalScript/Utils.ts as cce:/internal/x/cc.
debug: Resolve cce:/internal/code-quality/cr.mjs from file:///Users/mzwine/Codes/other/cocos-apps/watermelon/assets/res/GameOVerLauer2.ts as cce:/internal/code-quality/cr.mjs.
debug: Resolve cc from file:///Users/mzwine/Codes/other/cocos-apps/watermelon/assets/res/GameOVerLauer2.ts as cce:/internal/x/cc.
debug: Resolve cc from file:///Users/mzwine/Codes/other/cocos-apps/watermelon/assets/res/GameOVerLauer2.ts as cce:/internal/x/cc.
debug: Resolve cce:/internal/code-quality/cr.mjs from file:///Users/mzwine/Codes/other/cocos-apps/watermelon/assets/GameScene/GameSceneCtrl.ts as cce:/internal/code-quality/cr.mjs.
debug: Resolve cc from file:///Users/mzwine/Codes/other/cocos-apps/watermelon/assets/GameScene/GameSceneCtrl.ts as cce:/internal/x/cc.
debug: Resolve cc from file:///Users/mzwine/Codes/other/cocos-apps/watermelon/assets/GameScene/GameSceneCtrl.ts as cce:/internal/x/cc.
debug: Resolve ../Config/fruit_config from file:///Users/mzwine/Codes/other/cocos-apps/watermelon/assets/GameScene/FruitCtrl.ts as file:///Users/mzwine/Codes/other/cocos-apps/watermelon/assets/Config/fruit_config.ts.
debug: Resolve ../GlobalScript/AudioCtrl from file:///Users/mzwine/Codes/other/cocos-apps/watermelon/assets/GameScene/FruitCtrl.ts as file:///Users/mzwine/Codes/other/cocos-apps/watermelon/assets/GlobalScript/AudioCtrl.ts.
debug: Resolve ../GlobalScript/AudioHelper from file:///Users/mzwine/Codes/other/cocos-apps/watermelon/assets/GameScene/FruitCtrl.ts as file:///Users/mzwine/Codes/other/cocos-apps/watermelon/assets/GlobalScript/AudioHelper.ts.
debug: Resolve ../GlobalScript/NotificationCenter from file:///Users/mzwine/Codes/other/cocos-apps/watermelon/assets/GameScene/FruitCtrl.ts as file:///Users/mzwine/Codes/other/cocos-apps/watermelon/assets/GlobalScript/NotificationCenter.ts.
debug: Resolve ../../GlobalScript/LabelTickCtrl from file:///Users/mzwine/Codes/other/cocos-apps/watermelon/assets/GameScene/ui/CanvasCtrl.ts as file:///Users/mzwine/Codes/other/cocos-apps/watermelon/assets/GlobalScript/LabelTickCtrl.ts.
debug: Resolve ./gameOverLayer/GameOverLayerCtrl from file:///Users/mzwine/Codes/other/cocos-apps/watermelon/assets/GameScene/ui/CanvasCtrl.ts as file:///Users/mzwine/Codes/other/cocos-apps/watermelon/assets/GameScene/ui/gameOverLayer/GameOverLayerCtrl.ts.
debug: Resolve ../../../GlobalScript/AudioCtrl from file:///Users/mzwine/Codes/other/cocos-apps/watermelon/assets/GameScene/ui/gameOverLayer/GameOverLayerCtrl.ts as file:///Users/mzwine/Codes/other/cocos-apps/watermelon/assets/GlobalScript/AudioCtrl.ts.
debug: Resolve ../../../GlobalScript/AudioHelper from file:///Users/mzwine/Codes/other/cocos-apps/watermelon/assets/GameScene/ui/gameOverLayer/GameOverLayerCtrl.ts as file:///Users/mzwine/Codes/other/cocos-apps/watermelon/assets/GlobalScript/AudioHelper.ts.
debug: Resolve ../../../GlobalScript/NotificationCenter from file:///Users/mzwine/Codes/other/cocos-apps/watermelon/assets/GameScene/ui/gameOverLayer/GameOverLayerCtrl.ts as file:///Users/mzwine/Codes/other/cocos-apps/watermelon/assets/GlobalScript/NotificationCenter.ts.
debug: Resolve ../GameSceneCtrl from file:///Users/mzwine/Codes/other/cocos-apps/watermelon/assets/GameScene/ui/touchNodeCtrl.ts as file:///Users/mzwine/Codes/other/cocos-apps/watermelon/assets/GameScene/GameSceneCtrl.ts.
debug: Resolve ./AudioCtrl from file:///Users/mzwine/Codes/other/cocos-apps/watermelon/assets/GlobalScript/AudioHelper.ts as file:///Users/mzwine/Codes/other/cocos-apps/watermelon/assets/GlobalScript/AudioCtrl.ts.
debug: Resolve ../../GlobalScript/AudioCtrl from file:///Users/mzwine/Codes/other/cocos-apps/watermelon/assets/GameScene/ui/RefreshFruitNodeCtrl.ts as file:///Users/mzwine/Codes/other/cocos-apps/watermelon/assets/GlobalScript/AudioCtrl.ts.
debug: Resolve ../../GlobalScript/AudioHelper from file:///Users/mzwine/Codes/other/cocos-apps/watermelon/assets/GameScene/ui/RefreshFruitNodeCtrl.ts as file:///Users/mzwine/Codes/other/cocos-apps/watermelon/assets/GlobalScript/AudioHelper.ts.
debug: Resolve ../../GlobalScript/NotificationCenter from file:///Users/mzwine/Codes/other/cocos-apps/watermelon/assets/GameScene/ui/RefreshFruitNodeCtrl.ts as file:///Users/mzwine/Codes/other/cocos-apps/watermelon/assets/GlobalScript/NotificationCenter.ts.
debug: Resolve ./NotificationCenter from file:///Users/mzwine/Codes/other/cocos-apps/watermelon/assets/GlobalScript/BaseUILayerCtrl.ts as file:///Users/mzwine/Codes/other/cocos-apps/watermelon/assets/GlobalScript/NotificationCenter.ts.
debug: Resolve ./Config from file:///Users/mzwine/Codes/other/cocos-apps/watermelon/assets/GlobalScript/LanguageConfig.ts as file:///Users/mzwine/Codes/other/cocos-apps/watermelon/assets/GlobalScript/Config.ts.
debug: Resolve ./LabelTickCtrl from file:///Users/mzwine/Codes/other/cocos-apps/watermelon/assets/GlobalScript/LanguageLabelTicksCtrl.ts as file:///Users/mzwine/Codes/other/cocos-apps/watermelon/assets/GlobalScript/LabelTickCtrl.ts.
debug: Resolve ./LanguageConfig from file:///Users/mzwine/Codes/other/cocos-apps/watermelon/assets/GlobalScript/LanguageLabelTicksCtrl.ts as file:///Users/mzwine/Codes/other/cocos-apps/watermelon/assets/GlobalScript/LanguageConfig.ts.
debug: Resolve ./LanguageConfig from file:///Users/mzwine/Codes/other/cocos-apps/watermelon/assets/GlobalScript/LanguageLabelsCtrl.ts as file:///Users/mzwine/Codes/other/cocos-apps/watermelon/assets/GlobalScript/LanguageConfig.ts.
debug: Resolve ./Config from file:///Users/mzwine/Codes/other/cocos-apps/watermelon/assets/GlobalScript/LocalData.ts as file:///Users/mzwine/Codes/other/cocos-apps/watermelon/assets/GlobalScript/Config.ts.
debug: Resolve ./Base64 from file:///Users/mzwine/Codes/other/cocos-apps/watermelon/assets/GlobalScript/LocalData.ts as file:///Users/mzwine/Codes/other/cocos-apps/watermelon/assets/GlobalScript/Base64.ts.
debug: Resolve ./NotificationCenter from file:///Users/mzwine/Codes/other/cocos-apps/watermelon/assets/GlobalScript/LocalData.ts as file:///Users/mzwine/Codes/other/cocos-apps/watermelon/assets/GlobalScript/NotificationCenter.ts.
debug: Resolve ./Utils from file:///Users/mzwine/Codes/other/cocos-apps/watermelon/assets/GlobalScript/LocalData.ts as file:///Users/mzwine/Codes/other/cocos-apps/watermelon/assets/GlobalScript/Utils.ts.
debug: Resolve ./Config from file:///Users/mzwine/Codes/other/cocos-apps/watermelon/assets/GlobalScript/LanguageSpritesCtrl.ts as file:///Users/mzwine/Codes/other/cocos-apps/watermelon/assets/GlobalScript/Config.ts.
debug: Resolve ../Config/fruit_config from file:///Users/mzwine/Codes/other/cocos-apps/watermelon/assets/GlobalScript/Utils.ts as file:///Users/mzwine/Codes/other/cocos-apps/watermelon/assets/Config/fruit_config.ts.
debug: Resolve ../GlobalScript/AudioCtrl from file:///Users/mzwine/Codes/other/cocos-apps/watermelon/assets/res/GameOVerLauer2.ts as file:///Users/mzwine/Codes/other/cocos-apps/watermelon/assets/GlobalScript/AudioCtrl.ts.
debug: Resolve ../GlobalScript/AudioHelper from file:///Users/mzwine/Codes/other/cocos-apps/watermelon/assets/res/GameOVerLauer2.ts as file:///Users/mzwine/Codes/other/cocos-apps/watermelon/assets/GlobalScript/AudioHelper.ts.
debug: Resolve ../GlobalScript/NotificationCenter from file:///Users/mzwine/Codes/other/cocos-apps/watermelon/assets/res/GameOVerLauer2.ts as file:///Users/mzwine/Codes/other/cocos-apps/watermelon/assets/GlobalScript/NotificationCenter.ts.
debug: Resolve ../Config/fruit_config from file:///Users/mzwine/Codes/other/cocos-apps/watermelon/assets/GameScene/GameSceneCtrl.ts as file:///Users/mzwine/Codes/other/cocos-apps/watermelon/assets/Config/fruit_config.ts.
debug: Resolve ../GlobalScript/AudioCtrl from file:///Users/mzwine/Codes/other/cocos-apps/watermelon/assets/GameScene/GameSceneCtrl.ts as file:///Users/mzwine/Codes/other/cocos-apps/watermelon/assets/GlobalScript/AudioCtrl.ts.
debug: Resolve ../GlobalScript/AudioHelper from file:///Users/mzwine/Codes/other/cocos-apps/watermelon/assets/GameScene/GameSceneCtrl.ts as file:///Users/mzwine/Codes/other/cocos-apps/watermelon/assets/GlobalScript/AudioHelper.ts.
debug: Resolve ../GlobalScript/NotificationCenter from file:///Users/mzwine/Codes/other/cocos-apps/watermelon/assets/GameScene/GameSceneCtrl.ts as file:///Users/mzwine/Codes/other/cocos-apps/watermelon/assets/GlobalScript/NotificationCenter.ts.
debug: Resolve ../GlobalScript/Utils from file:///Users/mzwine/Codes/other/cocos-apps/watermelon/assets/GameScene/GameSceneCtrl.ts as file:///Users/mzwine/Codes/other/cocos-apps/watermelon/assets/GlobalScript/Utils.ts.
debug: Resolve ./FruitCtrl from file:///Users/mzwine/Codes/other/cocos-apps/watermelon/assets/GameScene/GameSceneCtrl.ts as file:///Users/mzwine/Codes/other/cocos-apps/watermelon/assets/GameScene/FruitCtrl.ts.
debug: Resolve ./ui/CanvasCtrl from file:///Users/mzwine/Codes/other/cocos-apps/watermelon/assets/GameScene/GameSceneCtrl.ts as file:///Users/mzwine/Codes/other/cocos-apps/watermelon/assets/GameScene/ui/CanvasCtrl.ts.
debug: Target(preview) ends with cost 1173.9762919843197ms.
